[2025-03-03T09:45:12.548-0500] {executor_loader.py:258} INFO - Loaded executor: SequentialExecutor
[2025-03-03T09:45:12.586-0500] {scheduler_job_runner.py:950} INFO - Starting the scheduler
[2025-03-03T09:45:12.586-0500] {scheduler_job_runner.py:957} INFO - Processing each file at most -1 times
[2025-03-03T09:45:12.593-0500] {manager.py:174} INFO - Launched DagFileProcessorManager with pid: 9763
[2025-03-03T09:45:12.595-0500] {scheduler_job_runner.py:1949} INFO - Adopting or resetting orphaned tasks for active dag runs
[2025-03-03T09:45:13.436-0500] {settings.py:63} INFO - Configured default timezone UTC
[2025-03-03T09:45:13.478-0500] {manager.py:406} WARNING - Because we cannot use more than 1 thread (parsing_processes = 2) when using sqlite. So we set parallelism to 1.
[2025-03-03T09:45:26.834-0500] {dag.py:4180} INFO - Setting next_dagrun for extract_tvl_dag to 2025-03-03 14:30:00+00:00, run_after=2025-03-03 15:00:00+00:00
[2025-03-03T09:45:26.868-0500] {scheduler_job_runner.py:435} INFO - 1 tasks up for execution:
	<TaskInstance: extract_tvl_dag.fetch_tvl_task scheduled__2025-03-03T14:00:00+00:00 [scheduled]>
[2025-03-03T09:45:26.869-0500] {scheduler_job_runner.py:507} INFO - DAG extract_tvl_dag has 0/16 running and queued tasks
[2025-03-03T09:45:26.870-0500] {scheduler_job_runner.py:646} INFO - Setting the following tasks to queued state:
	<TaskInstance: extract_tvl_dag.fetch_tvl_task scheduled__2025-03-03T14:00:00+00:00 [scheduled]>
[2025-03-03T09:45:26.872-0500] {scheduler_job_runner.py:748} INFO - Trying to enqueue tasks: [<TaskInstance: extract_tvl_dag.fetch_tvl_task scheduled__2025-03-03T14:00:00+00:00 [scheduled]>] for executor: SequentialExecutor(parallelism=32)
[2025-03-03T09:45:26.873-0500] {scheduler_job_runner.py:692} INFO - Sending TaskInstanceKey(dag_id='extract_tvl_dag', task_id='fetch_tvl_task', run_id='scheduled__2025-03-03T14:00:00+00:00', try_number=1, map_index=-1) to SequentialExecutor with priority 1 and queue default
[2025-03-03T09:45:26.873-0500] {base_executor.py:169} INFO - Adding to queue: ['airflow', 'tasks', 'run', 'extract_tvl_dag', 'fetch_tvl_task', 'scheduled__2025-03-03T14:00:00+00:00', '--local', '--subdir', 'DAGS_FOLDER/extract_tvl_dag.py']
[2025-03-03T09:45:26.875-0500] {sequential_executor.py:84} INFO - Executing command: ['airflow', 'tasks', 'run', 'extract_tvl_dag', 'fetch_tvl_task', 'scheduled__2025-03-03T14:00:00+00:00', '--local', '--subdir', 'DAGS_FOLDER/extract_tvl_dag.py']
[2025-03-03T09:45:27.941-0500] {dagbag.py:588} INFO - Filling up the DagBag from /Users/maximolii/Desktop/kyivgaz/Projects/liquity_v2/src/dags/extract_tvl_dag.py
[2025-03-03T09:45:28.436-0500] {task_command.py:467} INFO - Running <TaskInstance: extract_tvl_dag.fetch_tvl_task scheduled__2025-03-03T14:00:00+00:00 [queued]> on host 7a:9a:13:d4:b2:fe.home
[2025-03-03T09:45:29.355-0500] {scheduler_job_runner.py:776} INFO - Received executor event with state success for task instance TaskInstanceKey(dag_id='extract_tvl_dag', task_id='fetch_tvl_task', run_id='scheduled__2025-03-03T14:00:00+00:00', try_number=1, map_index=-1)
[2025-03-03T09:45:29.363-0500] {scheduler_job_runner.py:813} INFO - TaskInstance Finished: dag_id=extract_tvl_dag, task_id=fetch_tvl_task, run_id=scheduled__2025-03-03T14:00:00+00:00, map_index=-1, run_start_date=2025-03-03 14:45:28.469357+00:00, run_end_date=2025-03-03 14:45:29.063564+00:00, run_duration=0.594207, state=success, executor=SequentialExecutor(parallelism=32), executor_state=success, try_number=1, max_tries=1, job_id=4, pool=default_pool, queue=default, priority_weight=1, operator=PythonOperator, queued_dttm=2025-03-03 14:45:26.871193+00:00, queued_by_job_id=3, pid=9843
[2025-03-03T09:45:29.442-0500] {dagrun.py:854} INFO - Marking run <DagRun extract_tvl_dag @ 2025-03-03 14:00:00+00:00: scheduled__2025-03-03T14:00:00+00:00, state:running, queued_at: 2025-03-03 14:45:26.824218+00:00. externally triggered: False> successful
[2025-03-03T09:45:29.443-0500] {dagrun.py:905} INFO - DagRun Finished: dag_id=extract_tvl_dag, execution_date=2025-03-03 14:00:00+00:00, run_id=scheduled__2025-03-03T14:00:00+00:00, run_start_date=2025-03-03 14:45:26.842015+00:00, run_end_date=2025-03-03 14:45:29.443504+00:00, run_duration=2.601489, state=success, external_trigger=False, run_type=scheduled, data_interval_start=2025-03-03 14:00:00+00:00, data_interval_end=2025-03-03 14:30:00+00:00, dag_hash=23ef46f635e82df9e1c1e69f62ef0df3
[2025-03-03T09:45:29.445-0500] {dag.py:4180} INFO - Setting next_dagrun for extract_tvl_dag to 2025-03-03 14:30:00+00:00, run_after=2025-03-03 15:00:00+00:00
[2025-03-03T09:50:12.654-0500] {scheduler_job_runner.py:1949} INFO - Adopting or resetting orphaned tasks for active dag runs
[2025-03-03T09:50:47.640-0500] {scheduler_job_runner.py:435} INFO - 1 tasks up for execution:
	<TaskInstance: extract_tvl_dag.fetch_tvl_task manual__2025-03-03T14:50:46.957468+00:00 [scheduled]>
[2025-03-03T09:50:47.641-0500] {scheduler_job_runner.py:507} INFO - DAG extract_tvl_dag has 0/16 running and queued tasks
[2025-03-03T09:50:47.642-0500] {scheduler_job_runner.py:646} INFO - Setting the following tasks to queued state:
	<TaskInstance: extract_tvl_dag.fetch_tvl_task manual__2025-03-03T14:50:46.957468+00:00 [scheduled]>
[2025-03-03T09:50:47.644-0500] {scheduler_job_runner.py:748} INFO - Trying to enqueue tasks: [<TaskInstance: extract_tvl_dag.fetch_tvl_task manual__2025-03-03T14:50:46.957468+00:00 [scheduled]>] for executor: SequentialExecutor(parallelism=32)
[2025-03-03T09:50:47.645-0500] {scheduler_job_runner.py:692} INFO - Sending TaskInstanceKey(dag_id='extract_tvl_dag', task_id='fetch_tvl_task', run_id='manual__2025-03-03T14:50:46.957468+00:00', try_number=1, map_index=-1) to SequentialExecutor with priority 1 and queue default
[2025-03-03T09:50:47.645-0500] {base_executor.py:169} INFO - Adding to queue: ['airflow', 'tasks', 'run', 'extract_tvl_dag', 'fetch_tvl_task', 'manual__2025-03-03T14:50:46.957468+00:00', '--local', '--subdir', 'DAGS_FOLDER/extract_tvl_dag.py']
[2025-03-03T09:50:47.647-0500] {sequential_executor.py:84} INFO - Executing command: ['airflow', 'tasks', 'run', 'extract_tvl_dag', 'fetch_tvl_task', 'manual__2025-03-03T14:50:46.957468+00:00', '--local', '--subdir', 'DAGS_FOLDER/extract_tvl_dag.py']
[2025-03-03T09:50:48.593-0500] {dagbag.py:588} INFO - Filling up the DagBag from /Users/maximolii/Desktop/kyivgaz/Projects/liquity_v2/src/dags/extract_tvl_dag.py
[2025-03-03T09:50:49.093-0500] {task_command.py:467} INFO - Running <TaskInstance: extract_tvl_dag.fetch_tvl_task manual__2025-03-03T14:50:46.957468+00:00 [queued]> on host 7a:9a:13:d4:b2:fe.home
[2025-03-03T09:50:50.676-0500] {scheduler_job_runner.py:776} INFO - Received executor event with state success for task instance TaskInstanceKey(dag_id='extract_tvl_dag', task_id='fetch_tvl_task', run_id='manual__2025-03-03T14:50:46.957468+00:00', try_number=1, map_index=-1)
[2025-03-03T09:50:50.683-0500] {scheduler_job_runner.py:813} INFO - TaskInstance Finished: dag_id=extract_tvl_dag, task_id=fetch_tvl_task, run_id=manual__2025-03-03T14:50:46.957468+00:00, map_index=-1, run_start_date=2025-03-03 14:50:49.128499+00:00, run_end_date=2025-03-03 14:50:50.283688+00:00, run_duration=1.155189, state=success, executor=SequentialExecutor(parallelism=32), executor_state=success, try_number=1, max_tries=1, job_id=5, pool=default_pool, queue=default, priority_weight=1, operator=PythonOperator, queued_dttm=2025-03-03 14:50:47.642747+00:00, queued_by_job_id=3, pid=11115
[2025-03-03T09:50:50.715-0500] {dagrun.py:854} INFO - Marking run <DagRun extract_tvl_dag @ 2025-03-03 14:50:46.957468+00:00: manual__2025-03-03T14:50:46.957468+00:00, state:running, queued_at: 2025-03-03 14:50:46.969800+00:00. externally triggered: True> successful
[2025-03-03T09:50:50.716-0500] {dagrun.py:905} INFO - DagRun Finished: dag_id=extract_tvl_dag, execution_date=2025-03-03 14:50:46.957468+00:00, run_id=manual__2025-03-03T14:50:46.957468+00:00, run_start_date=2025-03-03 14:50:47.627932+00:00, run_end_date=2025-03-03 14:50:50.716553+00:00, run_duration=3.088621, state=success, external_trigger=True, run_type=manual, data_interval_start=2025-03-03 14:20:46.957468+00:00, data_interval_end=2025-03-03 14:50:46.957468+00:00, dag_hash=23ef46f635e82df9e1c1e69f62ef0df3
[2025-03-03T09:55:12.706-0500] {scheduler_job_runner.py:1949} INFO - Adopting or resetting orphaned tasks for active dag runs
[2025-03-03T10:00:12.745-0500] {scheduler_job_runner.py:1949} INFO - Adopting or resetting orphaned tasks for active dag runs
[2025-03-03T10:05:07.950-0500] {dag.py:4180} INFO - Setting next_dagrun for extract_liquity_dag to 2025-03-03 15:00:00+00:00, run_after=2025-03-03 15:30:00+00:00
[2025-03-03T10:05:07.970-0500] {scheduler_job_runner.py:435} INFO - 2 tasks up for execution:
	<TaskInstance: extract_liquity_dag.fetch_tvl_task scheduled__2025-03-03T14:30:00+00:00 [scheduled]>
	<TaskInstance: extract_liquity_dag.fetch_debt_task scheduled__2025-03-03T14:30:00+00:00 [scheduled]>
[2025-03-03T10:05:07.971-0500] {scheduler_job_runner.py:507} INFO - DAG extract_liquity_dag has 0/16 running and queued tasks
[2025-03-03T10:05:07.971-0500] {scheduler_job_runner.py:507} INFO - DAG extract_liquity_dag has 1/16 running and queued tasks
[2025-03-03T10:05:07.972-0500] {scheduler_job_runner.py:646} INFO - Setting the following tasks to queued state:
	<TaskInstance: extract_liquity_dag.fetch_tvl_task scheduled__2025-03-03T14:30:00+00:00 [scheduled]>
	<TaskInstance: extract_liquity_dag.fetch_debt_task scheduled__2025-03-03T14:30:00+00:00 [scheduled]>
[2025-03-03T10:05:07.973-0500] {scheduler_job_runner.py:748} INFO - Trying to enqueue tasks: [<TaskInstance: extract_liquity_dag.fetch_tvl_task scheduled__2025-03-03T14:30:00+00:00 [scheduled]>, <TaskInstance: extract_liquity_dag.fetch_debt_task scheduled__2025-03-03T14:30:00+00:00 [scheduled]>] for executor: SequentialExecutor(parallelism=32)
[2025-03-03T10:05:07.974-0500] {scheduler_job_runner.py:692} INFO - Sending TaskInstanceKey(dag_id='extract_liquity_dag', task_id='fetch_tvl_task', run_id='scheduled__2025-03-03T14:30:00+00:00', try_number=1, map_index=-1) to SequentialExecutor with priority 1 and queue default
[2025-03-03T10:05:07.975-0500] {base_executor.py:169} INFO - Adding to queue: ['airflow', 'tasks', 'run', 'extract_liquity_dag', 'fetch_tvl_task', 'scheduled__2025-03-03T14:30:00+00:00', '--local', '--subdir', 'DAGS_FOLDER/extract_liquity_dag.py']
[2025-03-03T10:05:07.975-0500] {scheduler_job_runner.py:692} INFO - Sending TaskInstanceKey(dag_id='extract_liquity_dag', task_id='fetch_debt_task', run_id='scheduled__2025-03-03T14:30:00+00:00', try_number=1, map_index=-1) to SequentialExecutor with priority 1 and queue default
[2025-03-03T10:05:07.976-0500] {base_executor.py:169} INFO - Adding to queue: ['airflow', 'tasks', 'run', 'extract_liquity_dag', 'fetch_debt_task', 'scheduled__2025-03-03T14:30:00+00:00', '--local', '--subdir', 'DAGS_FOLDER/extract_liquity_dag.py']
[2025-03-03T10:05:07.977-0500] {sequential_executor.py:84} INFO - Executing command: ['airflow', 'tasks', 'run', 'extract_liquity_dag', 'fetch_tvl_task', 'scheduled__2025-03-03T14:30:00+00:00', '--local', '--subdir', 'DAGS_FOLDER/extract_liquity_dag.py']
[2025-03-03T10:05:08.861-0500] {dagbag.py:588} INFO - Filling up the DagBag from /Users/maximolii/Desktop/kyivgaz/Projects/liquity_v2/src/dags/extract_liquity_dag.py
[2025-03-03T10:05:09.561-0500] {task_command.py:467} INFO - Running <TaskInstance: extract_liquity_dag.fetch_tvl_task scheduled__2025-03-03T14:30:00+00:00 [queued]> on host 7a:9a:13:d4:b2:fe.home
[2025-03-03T10:05:11.126-0500] {sequential_executor.py:84} INFO - Executing command: ['airflow', 'tasks', 'run', 'extract_liquity_dag', 'fetch_debt_task', 'scheduled__2025-03-03T14:30:00+00:00', '--local', '--subdir', 'DAGS_FOLDER/extract_liquity_dag.py']
[2025-03-03T10:05:12.149-0500] {dagbag.py:588} INFO - Filling up the DagBag from /Users/maximolii/Desktop/kyivgaz/Projects/liquity_v2/src/dags/extract_liquity_dag.py
[2025-03-03T10:05:12.748-0500] {task_command.py:467} INFO - Running <TaskInstance: extract_liquity_dag.fetch_debt_task scheduled__2025-03-03T14:30:00+00:00 [queued]> on host 7a:9a:13:d4:b2:fe.home
[2025-03-03T10:05:15.362-0500] {scheduler_job_runner.py:776} INFO - Received executor event with state success for task instance TaskInstanceKey(dag_id='extract_liquity_dag', task_id='fetch_tvl_task', run_id='scheduled__2025-03-03T14:30:00+00:00', try_number=1, map_index=-1)
[2025-03-03T10:05:15.363-0500] {scheduler_job_runner.py:776} INFO - Received executor event with state success for task instance TaskInstanceKey(dag_id='extract_liquity_dag', task_id='fetch_debt_task', run_id='scheduled__2025-03-03T14:30:00+00:00', try_number=1, map_index=-1)
[2025-03-03T10:05:15.366-0500] {scheduler_job_runner.py:813} INFO - TaskInstance Finished: dag_id=extract_liquity_dag, task_id=fetch_debt_task, run_id=scheduled__2025-03-03T14:30:00+00:00, map_index=-1, run_start_date=2025-03-03 15:05:12.780560+00:00, run_end_date=2025-03-03 15:05:14.924041+00:00, run_duration=2.143481, state=success, executor=SequentialExecutor(parallelism=32), executor_state=success, try_number=1, max_tries=1, job_id=8, pool=default_pool, queue=default, priority_weight=1, operator=PythonOperator, queued_dttm=2025-03-03 15:05:07.973109+00:00, queued_by_job_id=3, pid=14390
[2025-03-03T10:05:15.367-0500] {scheduler_job_runner.py:813} INFO - TaskInstance Finished: dag_id=extract_liquity_dag, task_id=fetch_tvl_task, run_id=scheduled__2025-03-03T14:30:00+00:00, map_index=-1, run_start_date=2025-03-03 15:05:09.614550+00:00, run_end_date=2025-03-03 15:05:10.805568+00:00, run_duration=1.191018, state=success, executor=SequentialExecutor(parallelism=32), executor_state=success, try_number=1, max_tries=1, job_id=7, pool=default_pool, queue=default, priority_weight=1, operator=PythonOperator, queued_dttm=2025-03-03 15:05:07.973109+00:00, queued_by_job_id=3, pid=14375
[2025-03-03T10:05:15.386-0500] {scheduler_job_runner.py:1949} INFO - Adopting or resetting orphaned tasks for active dag runs
[2025-03-03T10:05:17.158-0500] {dagrun.py:854} INFO - Marking run <DagRun extract_liquity_dag @ 2025-03-03 14:30:00+00:00: scheduled__2025-03-03T14:30:00+00:00, state:running, queued_at: 2025-03-03 15:05:07.945012+00:00. externally triggered: False> successful
[2025-03-03T10:05:17.159-0500] {dagrun.py:905} INFO - DagRun Finished: dag_id=extract_liquity_dag, execution_date=2025-03-03 14:30:00+00:00, run_id=scheduled__2025-03-03T14:30:00+00:00, run_start_date=2025-03-03 15:05:07.957061+00:00, run_end_date=2025-03-03 15:05:17.159266+00:00, run_duration=9.202205, state=success, external_trigger=False, run_type=scheduled, data_interval_start=2025-03-03 14:30:00+00:00, data_interval_end=2025-03-03 15:00:00+00:00, dag_hash=31c1f1ee1f1e7a1e5904bc91fc0e8756
[2025-03-03T10:05:17.160-0500] {dag.py:4180} INFO - Setting next_dagrun for extract_liquity_dag to 2025-03-03 15:00:00+00:00, run_after=2025-03-03 15:30:00+00:00
[2025-03-03T10:10:15.450-0500] {scheduler_job_runner.py:1949} INFO - Adopting or resetting orphaned tasks for active dag runs
[2025-03-03T10:15:15.517-0500] {scheduler_job_runner.py:1949} INFO - Adopting or resetting orphaned tasks for active dag runs
[2025-03-03T10:20:15.562-0500] {scheduler_job_runner.py:1949} INFO - Adopting or resetting orphaned tasks for active dag runs
[2025-03-03T10:24:31.740-0500] {scheduler_job_runner.py:435} INFO - 3 tasks up for execution:
	<TaskInstance: extract_liquity_dag.fetch_tvl_task manual__2025-03-03T15:24:30.936148+00:00 [scheduled]>
	<TaskInstance: extract_liquity_dag.fetch_debt_task manual__2025-03-03T15:24:30.936148+00:00 [scheduled]>
	<TaskInstance: extract_liquity_dag.fetch_price_task manual__2025-03-03T15:24:30.936148+00:00 [scheduled]>
[2025-03-03T10:24:31.741-0500] {scheduler_job_runner.py:507} INFO - DAG extract_liquity_dag has 0/16 running and queued tasks
[2025-03-03T10:24:31.742-0500] {scheduler_job_runner.py:507} INFO - DAG extract_liquity_dag has 1/16 running and queued tasks
[2025-03-03T10:24:31.743-0500] {scheduler_job_runner.py:507} INFO - DAG extract_liquity_dag has 2/16 running and queued tasks
[2025-03-03T10:24:31.744-0500] {scheduler_job_runner.py:646} INFO - Setting the following tasks to queued state:
	<TaskInstance: extract_liquity_dag.fetch_tvl_task manual__2025-03-03T15:24:30.936148+00:00 [scheduled]>
	<TaskInstance: extract_liquity_dag.fetch_debt_task manual__2025-03-03T15:24:30.936148+00:00 [scheduled]>
	<TaskInstance: extract_liquity_dag.fetch_price_task manual__2025-03-03T15:24:30.936148+00:00 [scheduled]>
[2025-03-03T10:24:31.745-0500] {scheduler_job_runner.py:748} INFO - Trying to enqueue tasks: [<TaskInstance: extract_liquity_dag.fetch_tvl_task manual__2025-03-03T15:24:30.936148+00:00 [scheduled]>, <TaskInstance: extract_liquity_dag.fetch_debt_task manual__2025-03-03T15:24:30.936148+00:00 [scheduled]>, <TaskInstance: extract_liquity_dag.fetch_price_task manual__2025-03-03T15:24:30.936148+00:00 [scheduled]>] for executor: SequentialExecutor(parallelism=32)
[2025-03-03T10:24:31.746-0500] {scheduler_job_runner.py:692} INFO - Sending TaskInstanceKey(dag_id='extract_liquity_dag', task_id='fetch_tvl_task', run_id='manual__2025-03-03T15:24:30.936148+00:00', try_number=1, map_index=-1) to SequentialExecutor with priority 1 and queue default
[2025-03-03T10:24:31.747-0500] {base_executor.py:169} INFO - Adding to queue: ['airflow', 'tasks', 'run', 'extract_liquity_dag', 'fetch_tvl_task', 'manual__2025-03-03T15:24:30.936148+00:00', '--local', '--subdir', 'DAGS_FOLDER/extract_liquity_dag.py']
[2025-03-03T10:24:31.747-0500] {scheduler_job_runner.py:692} INFO - Sending TaskInstanceKey(dag_id='extract_liquity_dag', task_id='fetch_debt_task', run_id='manual__2025-03-03T15:24:30.936148+00:00', try_number=1, map_index=-1) to SequentialExecutor with priority 1 and queue default
[2025-03-03T10:24:31.748-0500] {base_executor.py:169} INFO - Adding to queue: ['airflow', 'tasks', 'run', 'extract_liquity_dag', 'fetch_debt_task', 'manual__2025-03-03T15:24:30.936148+00:00', '--local', '--subdir', 'DAGS_FOLDER/extract_liquity_dag.py']
[2025-03-03T10:24:31.749-0500] {scheduler_job_runner.py:692} INFO - Sending TaskInstanceKey(dag_id='extract_liquity_dag', task_id='fetch_price_task', run_id='manual__2025-03-03T15:24:30.936148+00:00', try_number=1, map_index=-1) to SequentialExecutor with priority 1 and queue default
[2025-03-03T10:24:31.749-0500] {base_executor.py:169} INFO - Adding to queue: ['airflow', 'tasks', 'run', 'extract_liquity_dag', 'fetch_price_task', 'manual__2025-03-03T15:24:30.936148+00:00', '--local', '--subdir', 'DAGS_FOLDER/extract_liquity_dag.py']
[2025-03-03T10:24:31.751-0500] {sequential_executor.py:84} INFO - Executing command: ['airflow', 'tasks', 'run', 'extract_liquity_dag', 'fetch_tvl_task', 'manual__2025-03-03T15:24:30.936148+00:00', '--local', '--subdir', 'DAGS_FOLDER/extract_liquity_dag.py']
[2025-03-03T10:24:33.030-0500] {dagbag.py:588} INFO - Filling up the DagBag from /Users/maximolii/Desktop/kyivgaz/Projects/liquity_v2/src/dags/extract_liquity_dag.py
[2025-03-03T10:24:33.709-0500] {task_command.py:467} INFO - Running <TaskInstance: extract_liquity_dag.fetch_tvl_task manual__2025-03-03T15:24:30.936148+00:00 [queued]> on host 7a:9a:13:d4:b2:fe.home
[2025-03-03T10:24:34.587-0500] {sequential_executor.py:84} INFO - Executing command: ['airflow', 'tasks', 'run', 'extract_liquity_dag', 'fetch_debt_task', 'manual__2025-03-03T15:24:30.936148+00:00', '--local', '--subdir', 'DAGS_FOLDER/extract_liquity_dag.py']
[2025-03-03T10:24:35.429-0500] {dagbag.py:588} INFO - Filling up the DagBag from /Users/maximolii/Desktop/kyivgaz/Projects/liquity_v2/src/dags/extract_liquity_dag.py
[2025-03-03T10:24:35.918-0500] {task_command.py:467} INFO - Running <TaskInstance: extract_liquity_dag.fetch_debt_task manual__2025-03-03T15:24:30.936148+00:00 [queued]> on host 7a:9a:13:d4:b2:fe.home
[2025-03-03T10:24:36.785-0500] {sequential_executor.py:84} INFO - Executing command: ['airflow', 'tasks', 'run', 'extract_liquity_dag', 'fetch_price_task', 'manual__2025-03-03T15:24:30.936148+00:00', '--local', '--subdir', 'DAGS_FOLDER/extract_liquity_dag.py']
[2025-03-03T10:24:37.724-0500] {dagbag.py:588} INFO - Filling up the DagBag from /Users/maximolii/Desktop/kyivgaz/Projects/liquity_v2/src/dags/extract_liquity_dag.py
[2025-03-03T10:24:38.362-0500] {task_command.py:467} INFO - Running <TaskInstance: extract_liquity_dag.fetch_price_task manual__2025-03-03T15:24:30.936148+00:00 [queued]> on host 7a:9a:13:d4:b2:fe.home
[2025-03-03T10:24:38.749-0500] {scheduler_job_runner.py:776} INFO - Received executor event with state success for task instance TaskInstanceKey(dag_id='extract_liquity_dag', task_id='fetch_tvl_task', run_id='manual__2025-03-03T15:24:30.936148+00:00', try_number=1, map_index=-1)
[2025-03-03T10:24:38.750-0500] {scheduler_job_runner.py:776} INFO - Received executor event with state success for task instance TaskInstanceKey(dag_id='extract_liquity_dag', task_id='fetch_debt_task', run_id='manual__2025-03-03T15:24:30.936148+00:00', try_number=1, map_index=-1)
[2025-03-03T10:24:38.750-0500] {scheduler_job_runner.py:776} INFO - Received executor event with state success for task instance TaskInstanceKey(dag_id='extract_liquity_dag', task_id='fetch_price_task', run_id='manual__2025-03-03T15:24:30.936148+00:00', try_number=1, map_index=-1)
[2025-03-03T10:24:38.756-0500] {scheduler_job_runner.py:813} INFO - TaskInstance Finished: dag_id=extract_liquity_dag, task_id=fetch_debt_task, run_id=manual__2025-03-03T15:24:30.936148+00:00, map_index=-1, run_start_date=2025-03-03 15:24:35.948923+00:00, run_end_date=2025-03-03 15:24:36.430516+00:00, run_duration=0.481593, state=success, executor=SequentialExecutor(parallelism=32), executor_state=success, try_number=1, max_tries=1, job_id=10, pool=default_pool, queue=default, priority_weight=1, operator=PythonOperator, queued_dttm=2025-03-03 15:24:31.744923+00:00, queued_by_job_id=3, pid=18743
[2025-03-03T10:24:38.757-0500] {scheduler_job_runner.py:813} INFO - TaskInstance Finished: dag_id=extract_liquity_dag, task_id=fetch_price_task, run_id=manual__2025-03-03T15:24:30.936148+00:00, map_index=-1, run_start_date=2025-03-03 15:24:38.396731+00:00, run_end_date=2025-03-03 15:24:38.490890+00:00, run_duration=0.094159, state=success, executor=SequentialExecutor(parallelism=32), executor_state=success, try_number=1, max_tries=1, job_id=11, pool=default_pool, queue=default, priority_weight=1, operator=PythonOperator, queued_dttm=2025-03-03 15:24:31.744923+00:00, queued_by_job_id=3, pid=18754
[2025-03-03T10:24:38.758-0500] {scheduler_job_runner.py:813} INFO - TaskInstance Finished: dag_id=extract_liquity_dag, task_id=fetch_tvl_task, run_id=manual__2025-03-03T15:24:30.936148+00:00, map_index=-1, run_start_date=2025-03-03 15:24:33.744438+00:00, run_end_date=2025-03-03 15:24:34.230823+00:00, run_duration=0.486385, state=success, executor=SequentialExecutor(parallelism=32), executor_state=success, try_number=1, max_tries=1, job_id=9, pool=default_pool, queue=default, priority_weight=1, operator=PythonOperator, queued_dttm=2025-03-03 15:24:31.744923+00:00, queued_by_job_id=3, pid=18734
[2025-03-03T10:24:38.791-0500] {dagrun.py:854} INFO - Marking run <DagRun extract_liquity_dag @ 2025-03-03 15:24:30.936148+00:00: manual__2025-03-03T15:24:30.936148+00:00, state:running, queued_at: 2025-03-03 15:24:30.958187+00:00. externally triggered: True> successful
[2025-03-03T10:24:38.791-0500] {dagrun.py:905} INFO - DagRun Finished: dag_id=extract_liquity_dag, execution_date=2025-03-03 15:24:30.936148+00:00, run_id=manual__2025-03-03T15:24:30.936148+00:00, run_start_date=2025-03-03 15:24:31.716163+00:00, run_end_date=2025-03-03 15:24:38.791680+00:00, run_duration=7.075517, state=success, external_trigger=True, run_type=manual, data_interval_start=2025-03-03 14:54:30.936148+00:00, data_interval_end=2025-03-03 15:24:30.936148+00:00, dag_hash=6bca2d69e73907818f2b9d693ee31f25
[2025-03-03T10:25:15.626-0500] {scheduler_job_runner.py:1949} INFO - Adopting or resetting orphaned tasks for active dag runs
[2025-03-03T10:25:40.038-0500] {scheduler_job_runner.py:435} INFO - 3 tasks up for execution:
	<TaskInstance: extract_liquity_dag.fetch_tvl_task manual__2025-03-03T15:25:39.965897+00:00 [scheduled]>
	<TaskInstance: extract_liquity_dag.fetch_debt_task manual__2025-03-03T15:25:39.965897+00:00 [scheduled]>
	<TaskInstance: extract_liquity_dag.fetch_price_task manual__2025-03-03T15:25:39.965897+00:00 [scheduled]>
[2025-03-03T10:25:40.039-0500] {scheduler_job_runner.py:507} INFO - DAG extract_liquity_dag has 0/16 running and queued tasks
[2025-03-03T10:25:40.039-0500] {scheduler_job_runner.py:507} INFO - DAG extract_liquity_dag has 1/16 running and queued tasks
[2025-03-03T10:25:40.040-0500] {scheduler_job_runner.py:507} INFO - DAG extract_liquity_dag has 2/16 running and queued tasks
[2025-03-03T10:25:40.040-0500] {scheduler_job_runner.py:646} INFO - Setting the following tasks to queued state:
	<TaskInstance: extract_liquity_dag.fetch_tvl_task manual__2025-03-03T15:25:39.965897+00:00 [scheduled]>
	<TaskInstance: extract_liquity_dag.fetch_debt_task manual__2025-03-03T15:25:39.965897+00:00 [scheduled]>
	<TaskInstance: extract_liquity_dag.fetch_price_task manual__2025-03-03T15:25:39.965897+00:00 [scheduled]>
[2025-03-03T10:25:40.042-0500] {scheduler_job_runner.py:748} INFO - Trying to enqueue tasks: [<TaskInstance: extract_liquity_dag.fetch_tvl_task manual__2025-03-03T15:25:39.965897+00:00 [scheduled]>, <TaskInstance: extract_liquity_dag.fetch_debt_task manual__2025-03-03T15:25:39.965897+00:00 [scheduled]>, <TaskInstance: extract_liquity_dag.fetch_price_task manual__2025-03-03T15:25:39.965897+00:00 [scheduled]>] for executor: SequentialExecutor(parallelism=32)
[2025-03-03T10:25:40.043-0500] {scheduler_job_runner.py:692} INFO - Sending TaskInstanceKey(dag_id='extract_liquity_dag', task_id='fetch_tvl_task', run_id='manual__2025-03-03T15:25:39.965897+00:00', try_number=1, map_index=-1) to SequentialExecutor with priority 1 and queue default
[2025-03-03T10:25:40.044-0500] {base_executor.py:169} INFO - Adding to queue: ['airflow', 'tasks', 'run', 'extract_liquity_dag', 'fetch_tvl_task', 'manual__2025-03-03T15:25:39.965897+00:00', '--local', '--subdir', 'DAGS_FOLDER/extract_liquity_dag.py']
[2025-03-03T10:25:40.044-0500] {scheduler_job_runner.py:692} INFO - Sending TaskInstanceKey(dag_id='extract_liquity_dag', task_id='fetch_debt_task', run_id='manual__2025-03-03T15:25:39.965897+00:00', try_number=1, map_index=-1) to SequentialExecutor with priority 1 and queue default
[2025-03-03T10:25:40.044-0500] {base_executor.py:169} INFO - Adding to queue: ['airflow', 'tasks', 'run', 'extract_liquity_dag', 'fetch_debt_task', 'manual__2025-03-03T15:25:39.965897+00:00', '--local', '--subdir', 'DAGS_FOLDER/extract_liquity_dag.py']
[2025-03-03T10:25:40.045-0500] {scheduler_job_runner.py:692} INFO - Sending TaskInstanceKey(dag_id='extract_liquity_dag', task_id='fetch_price_task', run_id='manual__2025-03-03T15:25:39.965897+00:00', try_number=1, map_index=-1) to SequentialExecutor with priority 1 and queue default
[2025-03-03T10:25:40.045-0500] {base_executor.py:169} INFO - Adding to queue: ['airflow', 'tasks', 'run', 'extract_liquity_dag', 'fetch_price_task', 'manual__2025-03-03T15:25:39.965897+00:00', '--local', '--subdir', 'DAGS_FOLDER/extract_liquity_dag.py']
[2025-03-03T10:25:40.047-0500] {sequential_executor.py:84} INFO - Executing command: ['airflow', 'tasks', 'run', 'extract_liquity_dag', 'fetch_tvl_task', 'manual__2025-03-03T15:25:39.965897+00:00', '--local', '--subdir', 'DAGS_FOLDER/extract_liquity_dag.py']
[2025-03-03T10:25:41.527-0500] {dagbag.py:588} INFO - Filling up the DagBag from /Users/maximolii/Desktop/kyivgaz/Projects/liquity_v2/src/dags/extract_liquity_dag.py
[2025-03-03T10:25:42.236-0500] {task_command.py:467} INFO - Running <TaskInstance: extract_liquity_dag.fetch_tvl_task manual__2025-03-03T15:25:39.965897+00:00 [queued]> on host 7a:9a:13:d4:b2:fe.home
[2025-03-03T10:25:43.146-0500] {sequential_executor.py:84} INFO - Executing command: ['airflow', 'tasks', 'run', 'extract_liquity_dag', 'fetch_debt_task', 'manual__2025-03-03T15:25:39.965897+00:00', '--local', '--subdir', 'DAGS_FOLDER/extract_liquity_dag.py']
[2025-03-03T10:25:44.092-0500] {dagbag.py:588} INFO - Filling up the DagBag from /Users/maximolii/Desktop/kyivgaz/Projects/liquity_v2/src/dags/extract_liquity_dag.py
[2025-03-03T10:25:44.658-0500] {task_command.py:467} INFO - Running <TaskInstance: extract_liquity_dag.fetch_debt_task manual__2025-03-03T15:25:39.965897+00:00 [queued]> on host 7a:9a:13:d4:b2:fe.home
[2025-03-03T10:25:45.554-0500] {sequential_executor.py:84} INFO - Executing command: ['airflow', 'tasks', 'run', 'extract_liquity_dag', 'fetch_price_task', 'manual__2025-03-03T15:25:39.965897+00:00', '--local', '--subdir', 'DAGS_FOLDER/extract_liquity_dag.py']
[2025-03-03T10:25:46.375-0500] {dagbag.py:588} INFO - Filling up the DagBag from /Users/maximolii/Desktop/kyivgaz/Projects/liquity_v2/src/dags/extract_liquity_dag.py
[2025-03-03T10:25:47.004-0500] {task_command.py:467} INFO - Running <TaskInstance: extract_liquity_dag.fetch_price_task manual__2025-03-03T15:25:39.965897+00:00 [queued]> on host 7a:9a:13:d4:b2:fe.home
[2025-03-03T10:25:47.893-0500] {scheduler_job_runner.py:776} INFO - Received executor event with state success for task instance TaskInstanceKey(dag_id='extract_liquity_dag', task_id='fetch_tvl_task', run_id='manual__2025-03-03T15:25:39.965897+00:00', try_number=1, map_index=-1)
[2025-03-03T10:25:47.894-0500] {scheduler_job_runner.py:776} INFO - Received executor event with state success for task instance TaskInstanceKey(dag_id='extract_liquity_dag', task_id='fetch_debt_task', run_id='manual__2025-03-03T15:25:39.965897+00:00', try_number=1, map_index=-1)
[2025-03-03T10:25:47.895-0500] {scheduler_job_runner.py:776} INFO - Received executor event with state success for task instance TaskInstanceKey(dag_id='extract_liquity_dag', task_id='fetch_price_task', run_id='manual__2025-03-03T15:25:39.965897+00:00', try_number=1, map_index=-1)
[2025-03-03T10:25:47.898-0500] {scheduler_job_runner.py:813} INFO - TaskInstance Finished: dag_id=extract_liquity_dag, task_id=fetch_debt_task, run_id=manual__2025-03-03T15:25:39.965897+00:00, map_index=-1, run_start_date=2025-03-03 15:25:44.687548+00:00, run_end_date=2025-03-03 15:25:45.195090+00:00, run_duration=0.507542, state=success, executor=SequentialExecutor(parallelism=32), executor_state=success, try_number=1, max_tries=1, job_id=13, pool=default_pool, queue=default, priority_weight=1, operator=PythonOperator, queued_dttm=2025-03-03 15:25:40.041465+00:00, queued_by_job_id=3, pid=19064
[2025-03-03T10:25:47.899-0500] {scheduler_job_runner.py:813} INFO - TaskInstance Finished: dag_id=extract_liquity_dag, task_id=fetch_price_task, run_id=manual__2025-03-03T15:25:39.965897+00:00, map_index=-1, run_start_date=2025-03-03 15:25:47.040378+00:00, run_end_date=2025-03-03 15:25:47.535916+00:00, run_duration=0.495538, state=success, executor=SequentialExecutor(parallelism=32), executor_state=success, try_number=1, max_tries=1, job_id=14, pool=default_pool, queue=default, priority_weight=1, operator=PythonOperator, queued_dttm=2025-03-03 15:25:40.041465+00:00, queued_by_job_id=3, pid=19081
[2025-03-03T10:25:47.900-0500] {scheduler_job_runner.py:813} INFO - TaskInstance Finished: dag_id=extract_liquity_dag, task_id=fetch_tvl_task, run_id=manual__2025-03-03T15:25:39.965897+00:00, map_index=-1, run_start_date=2025-03-03 15:25:42.273875+00:00, run_end_date=2025-03-03 15:25:42.762685+00:00, run_duration=0.48881, state=success, executor=SequentialExecutor(parallelism=32), executor_state=success, try_number=1, max_tries=1, job_id=12, pool=default_pool, queue=default, priority_weight=1, operator=PythonOperator, queued_dttm=2025-03-03 15:25:40.041465+00:00, queued_by_job_id=3, pid=19054
[2025-03-03T10:25:49.539-0500] {dagrun.py:854} INFO - Marking run <DagRun extract_liquity_dag @ 2025-03-03 15:25:39.965897+00:00: manual__2025-03-03T15:25:39.965897+00:00, state:running, queued_at: 2025-03-03 15:25:39.976487+00:00. externally triggered: True> successful
[2025-03-03T10:25:49.540-0500] {dagrun.py:905} INFO - DagRun Finished: dag_id=extract_liquity_dag, execution_date=2025-03-03 15:25:39.965897+00:00, run_id=manual__2025-03-03T15:25:39.965897+00:00, run_start_date=2025-03-03 15:25:40.023668+00:00, run_end_date=2025-03-03 15:25:49.539982+00:00, run_duration=9.516314, state=success, external_trigger=True, run_type=manual, data_interval_start=2025-03-03 14:55:39.965897+00:00, data_interval_end=2025-03-03 15:25:39.965897+00:00, dag_hash=6bca2d69e73907818f2b9d693ee31f25
[2025-03-03T10:30:15.692-0500] {scheduler_job_runner.py:1949} INFO - Adopting or resetting orphaned tasks for active dag runs
[2025-03-03T10:35:15.756-0500] {scheduler_job_runner.py:1949} INFO - Adopting or resetting orphaned tasks for active dag runs
[2025-03-03T10:39:14.706-0500] {dag.py:4180} INFO - Setting next_dagrun for extract_liquity_dag to 2025-03-03 15:30:00+00:00, run_after=2025-03-03 16:00:00+00:00
[2025-03-03T10:39:14.728-0500] {scheduler_job_runner.py:435} INFO - 6 tasks up for execution:
	<TaskInstance: extract_liquity_dag.fetch_ActiveTVL_task scheduled__2025-03-03T15:00:00+00:00 [scheduled]>
	<TaskInstance: extract_liquity_dag.fetch_activeDEBT_task scheduled__2025-03-03T15:00:00+00:00 [scheduled]>
	<TaskInstance: extract_liquity_dag.fetch_price_task scheduled__2025-03-03T15:00:00+00:00 [scheduled]>
	<TaskInstance: extract_liquity_dag.fetch_ActiveTVL_task manual__2025-03-03T15:39:13.880203+00:00 [scheduled]>
	<TaskInstance: extract_liquity_dag.fetch_activeDEBT_task manual__2025-03-03T15:39:13.880203+00:00 [scheduled]>
	<TaskInstance: extract_liquity_dag.fetch_price_task manual__2025-03-03T15:39:13.880203+00:00 [scheduled]>
[2025-03-03T10:39:14.729-0500] {scheduler_job_runner.py:507} INFO - DAG extract_liquity_dag has 0/16 running and queued tasks
[2025-03-03T10:39:14.730-0500] {scheduler_job_runner.py:507} INFO - DAG extract_liquity_dag has 1/16 running and queued tasks
[2025-03-03T10:39:14.731-0500] {scheduler_job_runner.py:507} INFO - DAG extract_liquity_dag has 2/16 running and queued tasks
[2025-03-03T10:39:14.732-0500] {scheduler_job_runner.py:507} INFO - DAG extract_liquity_dag has 3/16 running and queued tasks
[2025-03-03T10:39:14.732-0500] {scheduler_job_runner.py:507} INFO - DAG extract_liquity_dag has 4/16 running and queued tasks
[2025-03-03T10:39:14.733-0500] {scheduler_job_runner.py:507} INFO - DAG extract_liquity_dag has 5/16 running and queued tasks
[2025-03-03T10:39:14.733-0500] {scheduler_job_runner.py:646} INFO - Setting the following tasks to queued state:
	<TaskInstance: extract_liquity_dag.fetch_ActiveTVL_task scheduled__2025-03-03T15:00:00+00:00 [scheduled]>
	<TaskInstance: extract_liquity_dag.fetch_activeDEBT_task scheduled__2025-03-03T15:00:00+00:00 [scheduled]>
	<TaskInstance: extract_liquity_dag.fetch_price_task scheduled__2025-03-03T15:00:00+00:00 [scheduled]>
	<TaskInstance: extract_liquity_dag.fetch_ActiveTVL_task manual__2025-03-03T15:39:13.880203+00:00 [scheduled]>
	<TaskInstance: extract_liquity_dag.fetch_activeDEBT_task manual__2025-03-03T15:39:13.880203+00:00 [scheduled]>
	<TaskInstance: extract_liquity_dag.fetch_price_task manual__2025-03-03T15:39:13.880203+00:00 [scheduled]>
[2025-03-03T10:39:14.736-0500] {scheduler_job_runner.py:748} INFO - Trying to enqueue tasks: [<TaskInstance: extract_liquity_dag.fetch_ActiveTVL_task scheduled__2025-03-03T15:00:00+00:00 [scheduled]>, <TaskInstance: extract_liquity_dag.fetch_activeDEBT_task scheduled__2025-03-03T15:00:00+00:00 [scheduled]>, <TaskInstance: extract_liquity_dag.fetch_price_task scheduled__2025-03-03T15:00:00+00:00 [scheduled]>, <TaskInstance: extract_liquity_dag.fetch_ActiveTVL_task manual__2025-03-03T15:39:13.880203+00:00 [scheduled]>, <TaskInstance: extract_liquity_dag.fetch_activeDEBT_task manual__2025-03-03T15:39:13.880203+00:00 [scheduled]>, <TaskInstance: extract_liquity_dag.fetch_price_task manual__2025-03-03T15:39:13.880203+00:00 [scheduled]>] for executor: SequentialExecutor(parallelism=32)
[2025-03-03T10:39:14.737-0500] {scheduler_job_runner.py:692} INFO - Sending TaskInstanceKey(dag_id='extract_liquity_dag', task_id='fetch_ActiveTVL_task', run_id='scheduled__2025-03-03T15:00:00+00:00', try_number=1, map_index=-1) to SequentialExecutor with priority 1 and queue default
[2025-03-03T10:39:14.737-0500] {base_executor.py:169} INFO - Adding to queue: ['airflow', 'tasks', 'run', 'extract_liquity_dag', 'fetch_ActiveTVL_task', 'scheduled__2025-03-03T15:00:00+00:00', '--local', '--subdir', 'DAGS_FOLDER/extract_liquity_dag.py']
[2025-03-03T10:39:14.738-0500] {scheduler_job_runner.py:692} INFO - Sending TaskInstanceKey(dag_id='extract_liquity_dag', task_id='fetch_activeDEBT_task', run_id='scheduled__2025-03-03T15:00:00+00:00', try_number=1, map_index=-1) to SequentialExecutor with priority 1 and queue default
[2025-03-03T10:39:14.738-0500] {base_executor.py:169} INFO - Adding to queue: ['airflow', 'tasks', 'run', 'extract_liquity_dag', 'fetch_activeDEBT_task', 'scheduled__2025-03-03T15:00:00+00:00', '--local', '--subdir', 'DAGS_FOLDER/extract_liquity_dag.py']
[2025-03-03T10:39:14.739-0500] {scheduler_job_runner.py:692} INFO - Sending TaskInstanceKey(dag_id='extract_liquity_dag', task_id='fetch_price_task', run_id='scheduled__2025-03-03T15:00:00+00:00', try_number=1, map_index=-1) to SequentialExecutor with priority 1 and queue default
[2025-03-03T10:39:14.739-0500] {base_executor.py:169} INFO - Adding to queue: ['airflow', 'tasks', 'run', 'extract_liquity_dag', 'fetch_price_task', 'scheduled__2025-03-03T15:00:00+00:00', '--local', '--subdir', 'DAGS_FOLDER/extract_liquity_dag.py']
[2025-03-03T10:39:14.740-0500] {scheduler_job_runner.py:692} INFO - Sending TaskInstanceKey(dag_id='extract_liquity_dag', task_id='fetch_ActiveTVL_task', run_id='manual__2025-03-03T15:39:13.880203+00:00', try_number=1, map_index=-1) to SequentialExecutor with priority 1 and queue default
[2025-03-03T10:39:14.740-0500] {base_executor.py:169} INFO - Adding to queue: ['airflow', 'tasks', 'run', 'extract_liquity_dag', 'fetch_ActiveTVL_task', 'manual__2025-03-03T15:39:13.880203+00:00', '--local', '--subdir', 'DAGS_FOLDER/extract_liquity_dag.py']
[2025-03-03T10:39:14.741-0500] {scheduler_job_runner.py:692} INFO - Sending TaskInstanceKey(dag_id='extract_liquity_dag', task_id='fetch_activeDEBT_task', run_id='manual__2025-03-03T15:39:13.880203+00:00', try_number=1, map_index=-1) to SequentialExecutor with priority 1 and queue default
[2025-03-03T10:39:14.741-0500] {base_executor.py:169} INFO - Adding to queue: ['airflow', 'tasks', 'run', 'extract_liquity_dag', 'fetch_activeDEBT_task', 'manual__2025-03-03T15:39:13.880203+00:00', '--local', '--subdir', 'DAGS_FOLDER/extract_liquity_dag.py']
[2025-03-03T10:39:14.742-0500] {scheduler_job_runner.py:692} INFO - Sending TaskInstanceKey(dag_id='extract_liquity_dag', task_id='fetch_price_task', run_id='manual__2025-03-03T15:39:13.880203+00:00', try_number=1, map_index=-1) to SequentialExecutor with priority 1 and queue default
[2025-03-03T10:39:14.742-0500] {base_executor.py:169} INFO - Adding to queue: ['airflow', 'tasks', 'run', 'extract_liquity_dag', 'fetch_price_task', 'manual__2025-03-03T15:39:13.880203+00:00', '--local', '--subdir', 'DAGS_FOLDER/extract_liquity_dag.py']
[2025-03-03T10:39:14.744-0500] {sequential_executor.py:84} INFO - Executing command: ['airflow', 'tasks', 'run', 'extract_liquity_dag', 'fetch_ActiveTVL_task', 'scheduled__2025-03-03T15:00:00+00:00', '--local', '--subdir', 'DAGS_FOLDER/extract_liquity_dag.py']
[2025-03-03T10:39:15.853-0500] {dagbag.py:588} INFO - Filling up the DagBag from /Users/maximolii/Desktop/kyivgaz/Projects/liquity_v2/src/dags/extract_liquity_dag.py
[2025-03-03T10:39:16.583-0500] {task_command.py:467} INFO - Running <TaskInstance: extract_liquity_dag.fetch_ActiveTVL_task scheduled__2025-03-03T15:00:00+00:00 [queued]> on host 7a:9a:13:d4:b2:fe.home
[2025-03-03T10:39:17.602-0500] {sequential_executor.py:84} INFO - Executing command: ['airflow', 'tasks', 'run', 'extract_liquity_dag', 'fetch_activeDEBT_task', 'scheduled__2025-03-03T15:00:00+00:00', '--local', '--subdir', 'DAGS_FOLDER/extract_liquity_dag.py']
[2025-03-03T10:39:18.543-0500] {dagbag.py:588} INFO - Filling up the DagBag from /Users/maximolii/Desktop/kyivgaz/Projects/liquity_v2/src/dags/extract_liquity_dag.py
[2025-03-03T10:39:19.160-0500] {task_command.py:467} INFO - Running <TaskInstance: extract_liquity_dag.fetch_activeDEBT_task scheduled__2025-03-03T15:00:00+00:00 [queued]> on host 7a:9a:13:d4:b2:fe.home
[2025-03-03T10:39:20.085-0500] {sequential_executor.py:84} INFO - Executing command: ['airflow', 'tasks', 'run', 'extract_liquity_dag', 'fetch_price_task', 'scheduled__2025-03-03T15:00:00+00:00', '--local', '--subdir', 'DAGS_FOLDER/extract_liquity_dag.py']
[2025-03-03T10:39:21.040-0500] {dagbag.py:588} INFO - Filling up the DagBag from /Users/maximolii/Desktop/kyivgaz/Projects/liquity_v2/src/dags/extract_liquity_dag.py
[2025-03-03T10:39:21.622-0500] {task_command.py:467} INFO - Running <TaskInstance: extract_liquity_dag.fetch_price_task scheduled__2025-03-03T15:00:00+00:00 [queued]> on host 7a:9a:13:d4:b2:fe.home
[2025-03-03T10:39:22.525-0500] {sequential_executor.py:84} INFO - Executing command: ['airflow', 'tasks', 'run', 'extract_liquity_dag', 'fetch_ActiveTVL_task', 'manual__2025-03-03T15:39:13.880203+00:00', '--local', '--subdir', 'DAGS_FOLDER/extract_liquity_dag.py']
[2025-03-03T10:39:23.550-0500] {dagbag.py:588} INFO - Filling up the DagBag from /Users/maximolii/Desktop/kyivgaz/Projects/liquity_v2/src/dags/extract_liquity_dag.py
[2025-03-03T10:39:24.211-0500] {task_command.py:467} INFO - Running <TaskInstance: extract_liquity_dag.fetch_ActiveTVL_task manual__2025-03-03T15:39:13.880203+00:00 [queued]> on host 7a:9a:13:d4:b2:fe.home
[2025-03-03T10:39:25.198-0500] {sequential_executor.py:84} INFO - Executing command: ['airflow', 'tasks', 'run', 'extract_liquity_dag', 'fetch_activeDEBT_task', 'manual__2025-03-03T15:39:13.880203+00:00', '--local', '--subdir', 'DAGS_FOLDER/extract_liquity_dag.py']
[2025-03-03T10:39:26.210-0500] {dagbag.py:588} INFO - Filling up the DagBag from /Users/maximolii/Desktop/kyivgaz/Projects/liquity_v2/src/dags/extract_liquity_dag.py
[2025-03-03T10:39:26.777-0500] {task_command.py:467} INFO - Running <TaskInstance: extract_liquity_dag.fetch_activeDEBT_task manual__2025-03-03T15:39:13.880203+00:00 [queued]> on host 7a:9a:13:d4:b2:fe.home
[2025-03-03T10:39:27.718-0500] {sequential_executor.py:84} INFO - Executing command: ['airflow', 'tasks', 'run', 'extract_liquity_dag', 'fetch_price_task', 'manual__2025-03-03T15:39:13.880203+00:00', '--local', '--subdir', 'DAGS_FOLDER/extract_liquity_dag.py']
[2025-03-03T10:39:28.657-0500] {dagbag.py:588} INFO - Filling up the DagBag from /Users/maximolii/Desktop/kyivgaz/Projects/liquity_v2/src/dags/extract_liquity_dag.py
[2025-03-03T10:39:29.286-0500] {task_command.py:467} INFO - Running <TaskInstance: extract_liquity_dag.fetch_price_task manual__2025-03-03T15:39:13.880203+00:00 [queued]> on host 7a:9a:13:d4:b2:fe.home
[2025-03-03T10:39:30.242-0500] {scheduler_job_runner.py:776} INFO - Received executor event with state success for task instance TaskInstanceKey(dag_id='extract_liquity_dag', task_id='fetch_ActiveTVL_task', run_id='scheduled__2025-03-03T15:00:00+00:00', try_number=1, map_index=-1)
[2025-03-03T10:39:30.243-0500] {scheduler_job_runner.py:776} INFO - Received executor event with state success for task instance TaskInstanceKey(dag_id='extract_liquity_dag', task_id='fetch_activeDEBT_task', run_id='scheduled__2025-03-03T15:00:00+00:00', try_number=1, map_index=-1)
[2025-03-03T10:39:30.244-0500] {scheduler_job_runner.py:776} INFO - Received executor event with state success for task instance TaskInstanceKey(dag_id='extract_liquity_dag', task_id='fetch_price_task', run_id='scheduled__2025-03-03T15:00:00+00:00', try_number=1, map_index=-1)
[2025-03-03T10:39:30.244-0500] {scheduler_job_runner.py:776} INFO - Received executor event with state success for task instance TaskInstanceKey(dag_id='extract_liquity_dag', task_id='fetch_ActiveTVL_task', run_id='manual__2025-03-03T15:39:13.880203+00:00', try_number=1, map_index=-1)
[2025-03-03T10:39:30.244-0500] {scheduler_job_runner.py:776} INFO - Received executor event with state success for task instance TaskInstanceKey(dag_id='extract_liquity_dag', task_id='fetch_activeDEBT_task', run_id='manual__2025-03-03T15:39:13.880203+00:00', try_number=1, map_index=-1)
[2025-03-03T10:39:30.245-0500] {scheduler_job_runner.py:776} INFO - Received executor event with state success for task instance TaskInstanceKey(dag_id='extract_liquity_dag', task_id='fetch_price_task', run_id='manual__2025-03-03T15:39:13.880203+00:00', try_number=1, map_index=-1)
[2025-03-03T10:39:30.252-0500] {scheduler_job_runner.py:813} INFO - TaskInstance Finished: dag_id=extract_liquity_dag, task_id=fetch_ActiveTVL_task, run_id=scheduled__2025-03-03T15:00:00+00:00, map_index=-1, run_start_date=2025-03-03 15:39:16.625855+00:00, run_end_date=2025-03-03 15:39:17.172528+00:00, run_duration=0.546673, state=success, executor=SequentialExecutor(parallelism=32), executor_state=success, try_number=1, max_tries=1, job_id=15, pool=default_pool, queue=default, priority_weight=1, operator=PythonOperator, queued_dttm=2025-03-03 15:39:14.734464+00:00, queued_by_job_id=3, pid=22115
[2025-03-03T10:39:30.253-0500] {scheduler_job_runner.py:813} INFO - TaskInstance Finished: dag_id=extract_liquity_dag, task_id=fetch_activeDEBT_task, run_id=scheduled__2025-03-03T15:00:00+00:00, map_index=-1, run_start_date=2025-03-03 15:39:19.203769+00:00, run_end_date=2025-03-03 15:39:19.717856+00:00, run_duration=0.514087, state=success, executor=SequentialExecutor(parallelism=32), executor_state=success, try_number=1, max_tries=1, job_id=16, pool=default_pool, queue=default, priority_weight=1, operator=PythonOperator, queued_dttm=2025-03-03 15:39:14.734464+00:00, queued_by_job_id=3, pid=22124
[2025-03-03T10:39:30.254-0500] {scheduler_job_runner.py:813} INFO - TaskInstance Finished: dag_id=extract_liquity_dag, task_id=fetch_price_task, run_id=scheduled__2025-03-03T15:00:00+00:00, map_index=-1, run_start_date=2025-03-03 15:39:21.660277+00:00, run_end_date=2025-03-03 15:39:22.154743+00:00, run_duration=0.494466, state=success, executor=SequentialExecutor(parallelism=32), executor_state=success, try_number=1, max_tries=1, job_id=17, pool=default_pool, queue=default, priority_weight=1, operator=PythonOperator, queued_dttm=2025-03-03 15:39:14.734464+00:00, queued_by_job_id=3, pid=22136
[2025-03-03T10:39:30.254-0500] {scheduler_job_runner.py:813} INFO - TaskInstance Finished: dag_id=extract_liquity_dag, task_id=fetch_ActiveTVL_task, run_id=manual__2025-03-03T15:39:13.880203+00:00, map_index=-1, run_start_date=2025-03-03 15:39:24.255587+00:00, run_end_date=2025-03-03 15:39:24.754888+00:00, run_duration=0.499301, state=success, executor=SequentialExecutor(parallelism=32), executor_state=success, try_number=1, max_tries=1, job_id=18, pool=default_pool, queue=default, priority_weight=1, operator=PythonOperator, queued_dttm=2025-03-03 15:39:14.734464+00:00, queued_by_job_id=3, pid=22145
[2025-03-03T10:39:30.255-0500] {scheduler_job_runner.py:813} INFO - TaskInstance Finished: dag_id=extract_liquity_dag, task_id=fetch_activeDEBT_task, run_id=manual__2025-03-03T15:39:13.880203+00:00, map_index=-1, run_start_date=2025-03-03 15:39:26.808735+00:00, run_end_date=2025-03-03 15:39:27.299065+00:00, run_duration=0.49033, state=success, executor=SequentialExecutor(parallelism=32), executor_state=success, try_number=1, max_tries=1, job_id=19, pool=default_pool, queue=default, priority_weight=1, operator=PythonOperator, queued_dttm=2025-03-03 15:39:14.734464+00:00, queued_by_job_id=3, pid=22162
[2025-03-03T10:39:30.255-0500] {scheduler_job_runner.py:813} INFO - TaskInstance Finished: dag_id=extract_liquity_dag, task_id=fetch_price_task, run_id=manual__2025-03-03T15:39:13.880203+00:00, map_index=-1, run_start_date=2025-03-03 15:39:29.324479+00:00, run_end_date=2025-03-03 15:39:29.831081+00:00, run_duration=0.506602, state=success, executor=SequentialExecutor(parallelism=32), executor_state=success, try_number=1, max_tries=1, job_id=20, pool=default_pool, queue=default, priority_weight=1, operator=PythonOperator, queued_dttm=2025-03-03 15:39:14.734464+00:00, queued_by_job_id=3, pid=22171
[2025-03-03T10:39:30.292-0500] {dagrun.py:854} INFO - Marking run <DagRun extract_liquity_dag @ 2025-03-03 15:00:00+00:00: scheduled__2025-03-03T15:00:00+00:00, state:running, queued_at: 2025-03-03 15:39:14.702356+00:00. externally triggered: False> successful
[2025-03-03T10:39:30.293-0500] {dagrun.py:905} INFO - DagRun Finished: dag_id=extract_liquity_dag, execution_date=2025-03-03 15:00:00+00:00, run_id=scheduled__2025-03-03T15:00:00+00:00, run_start_date=2025-03-03 15:39:14.712250+00:00, run_end_date=2025-03-03 15:39:30.292953+00:00, run_duration=15.580703, state=success, external_trigger=False, run_type=scheduled, data_interval_start=2025-03-03 15:00:00+00:00, data_interval_end=2025-03-03 15:30:00+00:00, dag_hash=dd8b20f7e2a5c6cc3e9817301aeebeaa
[2025-03-03T10:39:30.295-0500] {dag.py:4180} INFO - Setting next_dagrun for extract_liquity_dag to 2025-03-03 15:30:00+00:00, run_after=2025-03-03 16:00:00+00:00
[2025-03-03T10:39:30.297-0500] {dagrun.py:854} INFO - Marking run <DagRun extract_liquity_dag @ 2025-03-03 15:39:13.880203+00:00: manual__2025-03-03T15:39:13.880203+00:00, state:running, queued_at: 2025-03-03 15:39:13.901649+00:00. externally triggered: True> successful
[2025-03-03T10:39:30.297-0500] {dagrun.py:905} INFO - DagRun Finished: dag_id=extract_liquity_dag, execution_date=2025-03-03 15:39:13.880203+00:00, run_id=manual__2025-03-03T15:39:13.880203+00:00, run_start_date=2025-03-03 15:39:14.712449+00:00, run_end_date=2025-03-03 15:39:30.297682+00:00, run_duration=15.585233, state=success, external_trigger=True, run_type=manual, data_interval_start=2025-03-03 15:09:13.880203+00:00, data_interval_end=2025-03-03 15:39:13.880203+00:00, dag_hash=dd8b20f7e2a5c6cc3e9817301aeebeaa
[2025-03-03T10:40:15.797-0500] {scheduler_job_runner.py:1949} INFO - Adopting or resetting orphaned tasks for active dag runs
[2025-03-03T10:45:15.850-0500] {scheduler_job_runner.py:1949} INFO - Adopting or resetting orphaned tasks for active dag runs
[2025-03-03T10:48:04.080-0500] {scheduler_job_runner.py:435} INFO - 4 tasks up for execution:
	<TaskInstance: extract_liquity_dag.fetch_ActiveTVL_task manual__2025-03-03T15:48:03.307713+00:00 [scheduled]>
	<TaskInstance: extract_liquity_dag.fetch_activeDEBT_task manual__2025-03-03T15:48:03.307713+00:00 [scheduled]>
	<TaskInstance: extract_liquity_dag.fetch_price_task manual__2025-03-03T15:48:03.307713+00:00 [scheduled]>
	<TaskInstance: extract_liquity_dag.fetch_stabilityTVL_task manual__2025-03-03T15:48:03.307713+00:00 [scheduled]>
[2025-03-03T10:48:04.082-0500] {scheduler_job_runner.py:507} INFO - DAG extract_liquity_dag has 0/16 running and queued tasks
[2025-03-03T10:48:04.083-0500] {scheduler_job_runner.py:507} INFO - DAG extract_liquity_dag has 1/16 running and queued tasks
[2025-03-03T10:48:04.084-0500] {scheduler_job_runner.py:507} INFO - DAG extract_liquity_dag has 2/16 running and queued tasks
[2025-03-03T10:48:04.084-0500] {scheduler_job_runner.py:507} INFO - DAG extract_liquity_dag has 3/16 running and queued tasks
[2025-03-03T10:48:04.085-0500] {scheduler_job_runner.py:646} INFO - Setting the following tasks to queued state:
	<TaskInstance: extract_liquity_dag.fetch_ActiveTVL_task manual__2025-03-03T15:48:03.307713+00:00 [scheduled]>
	<TaskInstance: extract_liquity_dag.fetch_activeDEBT_task manual__2025-03-03T15:48:03.307713+00:00 [scheduled]>
	<TaskInstance: extract_liquity_dag.fetch_price_task manual__2025-03-03T15:48:03.307713+00:00 [scheduled]>
	<TaskInstance: extract_liquity_dag.fetch_stabilityTVL_task manual__2025-03-03T15:48:03.307713+00:00 [scheduled]>
[2025-03-03T10:48:04.087-0500] {scheduler_job_runner.py:748} INFO - Trying to enqueue tasks: [<TaskInstance: extract_liquity_dag.fetch_ActiveTVL_task manual__2025-03-03T15:48:03.307713+00:00 [scheduled]>, <TaskInstance: extract_liquity_dag.fetch_activeDEBT_task manual__2025-03-03T15:48:03.307713+00:00 [scheduled]>, <TaskInstance: extract_liquity_dag.fetch_price_task manual__2025-03-03T15:48:03.307713+00:00 [scheduled]>, <TaskInstance: extract_liquity_dag.fetch_stabilityTVL_task manual__2025-03-03T15:48:03.307713+00:00 [scheduled]>] for executor: SequentialExecutor(parallelism=32)
[2025-03-03T10:48:04.088-0500] {scheduler_job_runner.py:692} INFO - Sending TaskInstanceKey(dag_id='extract_liquity_dag', task_id='fetch_ActiveTVL_task', run_id='manual__2025-03-03T15:48:03.307713+00:00', try_number=1, map_index=-1) to SequentialExecutor with priority 1 and queue default
[2025-03-03T10:48:04.088-0500] {base_executor.py:169} INFO - Adding to queue: ['airflow', 'tasks', 'run', 'extract_liquity_dag', 'fetch_ActiveTVL_task', 'manual__2025-03-03T15:48:03.307713+00:00', '--local', '--subdir', 'DAGS_FOLDER/extract_liquity_dag.py']
[2025-03-03T10:48:04.089-0500] {scheduler_job_runner.py:692} INFO - Sending TaskInstanceKey(dag_id='extract_liquity_dag', task_id='fetch_activeDEBT_task', run_id='manual__2025-03-03T15:48:03.307713+00:00', try_number=1, map_index=-1) to SequentialExecutor with priority 1 and queue default
[2025-03-03T10:48:04.090-0500] {base_executor.py:169} INFO - Adding to queue: ['airflow', 'tasks', 'run', 'extract_liquity_dag', 'fetch_activeDEBT_task', 'manual__2025-03-03T15:48:03.307713+00:00', '--local', '--subdir', 'DAGS_FOLDER/extract_liquity_dag.py']
[2025-03-03T10:48:04.090-0500] {scheduler_job_runner.py:692} INFO - Sending TaskInstanceKey(dag_id='extract_liquity_dag', task_id='fetch_price_task', run_id='manual__2025-03-03T15:48:03.307713+00:00', try_number=1, map_index=-1) to SequentialExecutor with priority 1 and queue default
[2025-03-03T10:48:04.091-0500] {base_executor.py:169} INFO - Adding to queue: ['airflow', 'tasks', 'run', 'extract_liquity_dag', 'fetch_price_task', 'manual__2025-03-03T15:48:03.307713+00:00', '--local', '--subdir', 'DAGS_FOLDER/extract_liquity_dag.py']
[2025-03-03T10:48:04.091-0500] {scheduler_job_runner.py:692} INFO - Sending TaskInstanceKey(dag_id='extract_liquity_dag', task_id='fetch_stabilityTVL_task', run_id='manual__2025-03-03T15:48:03.307713+00:00', try_number=1, map_index=-1) to SequentialExecutor with priority 1 and queue default
[2025-03-03T10:48:04.092-0500] {base_executor.py:169} INFO - Adding to queue: ['airflow', 'tasks', 'run', 'extract_liquity_dag', 'fetch_stabilityTVL_task', 'manual__2025-03-03T15:48:03.307713+00:00', '--local', '--subdir', 'DAGS_FOLDER/extract_liquity_dag.py']
[2025-03-03T10:48:04.093-0500] {sequential_executor.py:84} INFO - Executing command: ['airflow', 'tasks', 'run', 'extract_liquity_dag', 'fetch_ActiveTVL_task', 'manual__2025-03-03T15:48:03.307713+00:00', '--local', '--subdir', 'DAGS_FOLDER/extract_liquity_dag.py']
[2025-03-03T10:48:05.329-0500] {dagbag.py:588} INFO - Filling up the DagBag from /Users/maximolii/Desktop/kyivgaz/Projects/liquity_v2/src/dags/extract_liquity_dag.py
[2025-03-03T10:48:06.157-0500] {task_command.py:467} INFO - Running <TaskInstance: extract_liquity_dag.fetch_ActiveTVL_task manual__2025-03-03T15:48:03.307713+00:00 [queued]> on host 7a:9a:13:d4:b2:fe.home
[2025-03-03T10:48:07.070-0500] {sequential_executor.py:84} INFO - Executing command: ['airflow', 'tasks', 'run', 'extract_liquity_dag', 'fetch_activeDEBT_task', 'manual__2025-03-03T15:48:03.307713+00:00', '--local', '--subdir', 'DAGS_FOLDER/extract_liquity_dag.py']
[2025-03-03T10:48:08.035-0500] {dagbag.py:588} INFO - Filling up the DagBag from /Users/maximolii/Desktop/kyivgaz/Projects/liquity_v2/src/dags/extract_liquity_dag.py
[2025-03-03T10:48:08.613-0500] {task_command.py:467} INFO - Running <TaskInstance: extract_liquity_dag.fetch_activeDEBT_task manual__2025-03-03T15:48:03.307713+00:00 [queued]> on host 7a:9a:13:d4:b2:fe.home
[2025-03-03T10:48:09.495-0500] {sequential_executor.py:84} INFO - Executing command: ['airflow', 'tasks', 'run', 'extract_liquity_dag', 'fetch_price_task', 'manual__2025-03-03T15:48:03.307713+00:00', '--local', '--subdir', 'DAGS_FOLDER/extract_liquity_dag.py']
[2025-03-03T10:48:10.500-0500] {dagbag.py:588} INFO - Filling up the DagBag from /Users/maximolii/Desktop/kyivgaz/Projects/liquity_v2/src/dags/extract_liquity_dag.py
[2025-03-03T10:48:11.218-0500] {task_command.py:467} INFO - Running <TaskInstance: extract_liquity_dag.fetch_price_task manual__2025-03-03T15:48:03.307713+00:00 [queued]> on host 7a:9a:13:d4:b2:fe.home
[2025-03-03T10:48:12.080-0500] {sequential_executor.py:84} INFO - Executing command: ['airflow', 'tasks', 'run', 'extract_liquity_dag', 'fetch_stabilityTVL_task', 'manual__2025-03-03T15:48:03.307713+00:00', '--local', '--subdir', 'DAGS_FOLDER/extract_liquity_dag.py']
[2025-03-03T10:48:12.925-0500] {dagbag.py:588} INFO - Filling up the DagBag from /Users/maximolii/Desktop/kyivgaz/Projects/liquity_v2/src/dags/extract_liquity_dag.py
[2025-03-03T10:48:13.605-0500] {task_command.py:467} INFO - Running <TaskInstance: extract_liquity_dag.fetch_stabilityTVL_task manual__2025-03-03T15:48:03.307713+00:00 [queued]> on host 7a:9a:13:d4:b2:fe.home
[2025-03-03T10:48:14.410-0500] {scheduler_job_runner.py:776} INFO - Received executor event with state success for task instance TaskInstanceKey(dag_id='extract_liquity_dag', task_id='fetch_ActiveTVL_task', run_id='manual__2025-03-03T15:48:03.307713+00:00', try_number=1, map_index=-1)
[2025-03-03T10:48:14.412-0500] {scheduler_job_runner.py:776} INFO - Received executor event with state success for task instance TaskInstanceKey(dag_id='extract_liquity_dag', task_id='fetch_activeDEBT_task', run_id='manual__2025-03-03T15:48:03.307713+00:00', try_number=1, map_index=-1)
[2025-03-03T10:48:14.412-0500] {scheduler_job_runner.py:776} INFO - Received executor event with state success for task instance TaskInstanceKey(dag_id='extract_liquity_dag', task_id='fetch_price_task', run_id='manual__2025-03-03T15:48:03.307713+00:00', try_number=1, map_index=-1)
[2025-03-03T10:48:14.413-0500] {scheduler_job_runner.py:776} INFO - Received executor event with state success for task instance TaskInstanceKey(dag_id='extract_liquity_dag', task_id='fetch_stabilityTVL_task', run_id='manual__2025-03-03T15:48:03.307713+00:00', try_number=1, map_index=-1)
[2025-03-03T10:48:14.417-0500] {scheduler_job_runner.py:813} INFO - TaskInstance Finished: dag_id=extract_liquity_dag, task_id=fetch_ActiveTVL_task, run_id=manual__2025-03-03T15:48:03.307713+00:00, map_index=-1, run_start_date=2025-03-03 15:48:06.197159+00:00, run_end_date=2025-03-03 15:48:06.694116+00:00, run_duration=0.496957, state=success, executor=SequentialExecutor(parallelism=32), executor_state=success, try_number=1, max_tries=1, job_id=21, pool=default_pool, queue=default, priority_weight=1, operator=PythonOperator, queued_dttm=2025-03-03 15:48:04.086266+00:00, queued_by_job_id=3, pid=24157
[2025-03-03T10:48:14.418-0500] {scheduler_job_runner.py:813} INFO - TaskInstance Finished: dag_id=extract_liquity_dag, task_id=fetch_activeDEBT_task, run_id=manual__2025-03-03T15:48:03.307713+00:00, map_index=-1, run_start_date=2025-03-03 15:48:08.645459+00:00, run_end_date=2025-03-03 15:48:09.169406+00:00, run_duration=0.523947, state=success, executor=SequentialExecutor(parallelism=32), executor_state=success, try_number=1, max_tries=1, job_id=22, pool=default_pool, queue=default, priority_weight=1, operator=PythonOperator, queued_dttm=2025-03-03 15:48:04.086266+00:00, queued_by_job_id=3, pid=24167
[2025-03-03T10:48:14.418-0500] {scheduler_job_runner.py:813} INFO - TaskInstance Finished: dag_id=extract_liquity_dag, task_id=fetch_price_task, run_id=manual__2025-03-03T15:48:03.307713+00:00, map_index=-1, run_start_date=2025-03-03 15:48:11.256619+00:00, run_end_date=2025-03-03 15:48:11.777147+00:00, run_duration=0.520528, state=success, executor=SequentialExecutor(parallelism=32), executor_state=success, try_number=1, max_tries=1, job_id=23, pool=default_pool, queue=default, priority_weight=1, operator=PythonOperator, queued_dttm=2025-03-03 15:48:04.086266+00:00, queued_by_job_id=3, pid=24180
[2025-03-03T10:48:14.419-0500] {scheduler_job_runner.py:813} INFO - TaskInstance Finished: dag_id=extract_liquity_dag, task_id=fetch_stabilityTVL_task, run_id=manual__2025-03-03T15:48:03.307713+00:00, map_index=-1, run_start_date=2025-03-03 15:48:13.634313+00:00, run_end_date=2025-03-03 15:48:14.100402+00:00, run_duration=0.466089, state=success, executor=SequentialExecutor(parallelism=32), executor_state=success, try_number=1, max_tries=1, job_id=24, pool=default_pool, queue=default, priority_weight=1, operator=PythonOperator, queued_dttm=2025-03-03 15:48:04.086266+00:00, queued_by_job_id=3, pid=24191
[2025-03-03T10:48:16.136-0500] {dagrun.py:854} INFO - Marking run <DagRun extract_liquity_dag @ 2025-03-03 15:48:03.307713+00:00: manual__2025-03-03T15:48:03.307713+00:00, state:running, queued_at: 2025-03-03 15:48:03.336236+00:00. externally triggered: True> successful
[2025-03-03T10:48:16.137-0500] {dagrun.py:905} INFO - DagRun Finished: dag_id=extract_liquity_dag, execution_date=2025-03-03 15:48:03.307713+00:00, run_id=manual__2025-03-03T15:48:03.307713+00:00, run_start_date=2025-03-03 15:48:04.065051+00:00, run_end_date=2025-03-03 15:48:16.137407+00:00, run_duration=12.072356, state=success, external_trigger=True, run_type=manual, data_interval_start=2025-03-03 15:18:03.307713+00:00, data_interval_end=2025-03-03 15:48:03.307713+00:00, dag_hash=5c9071101d8168ab110095303a5d2f2a
[2025-03-03T10:50:15.899-0500] {scheduler_job_runner.py:1949} INFO - Adopting or resetting orphaned tasks for active dag runs
